# JRE version: OpenJDK Runtime Environment (8.0_212-b04) (build 1.8.0_212-release-1586-b04)
# Java VM: OpenJDK 64-Bit Server VM (25.212-b04 mixed mode windows-amd64 compressed oops)
Heap:
 PSYoungGen      total 273408K, used 171648K [0x00000000e0000000, 0x00000000f5100000, 0x0000000100000000)
  eden space 252416K, 59% used [0x00000000e0000000,0x00000000e9321890,0x00000000ef680000)
  from space 20992K, 99% used [0x00000000f3c80000,0x00000000f50fe788,0x00000000f5100000)
  to   space 23552K, 0% used [0x00000000f2300000,0x00000000f2300000,0x00000000f3a00000)
 ParOldGen       total 196608K, used 43059K [0x00000000a0000000, 0x00000000ac000000, 0x00000000e0000000)
  object space 196608K, 21% used [0x00000000a0000000,0x00000000a2a0cd38,0x00000000ac000000)
 Metaspace       used 82749K, capacity 86858K, committed 87168K, reserved 1124352K
  class space    used 10663K, capacity 11524K, committed 11648K, reserved 1048576K
GC Heap History (10 events):
Event: 8.574 GC heap before
{Heap before GC invocations=13 (full 3):
 PSYoungGen      total 231936K, used 14033K [0x00000000e0000000, 0x00000000f2700000, 0x0000000100000000)
  eden space 212992K, 0% used [0x00000000e0000000,0x00000000e0000000,0x00000000ed000000)
  from space 18944K, 74% used [0x00000000ee300000,0x00000000ef0b4600,0x00000000ef580000)
  to   space 19456K, 0% used [0x00000000ed000000,0x00000000ed000000,0x00000000ee300000)
 ParOldGen       total 136704K, used 28970K [0x00000000a0000000, 0x00000000a8580000, 0x00000000e0000000)
  object space 136704K, 21% used [0x00000000a0000000,0x00000000a1c4aab0,0x00000000a8580000)
 Metaspace       used 57134K, capacity 59028K, committed 59136K, reserved 1099776K
  class space    used 7697K, capacity 8141K, committed 8192K, reserved 1048576K
Event: 8.757 GC heap after
Heap after GC invocations=13 (full 3):
 PSYoungGen      total 231936K, used 0K [0x00000000e0000000, 0x00000000f2700000, 0x0000000100000000)
  eden space 212992K, 0% used [0x00000000e0000000,0x00000000e0000000,0x00000000ed000000)
  from space 18944K, 0% used [0x00000000ee300000,0x00000000ee300000,0x00000000ef580000)
  to   space 19456K, 0% used [0x00000000ed000000,0x00000000ed000000,0x00000000ee300000)
 ParOldGen       total 196608K, used 30464K [0x00000000a0000000, 0x00000000ac000000, 0x00000000e0000000)
  object space 196608K, 15% used [0x00000000a0000000,0x00000000a1dc0360,0x00000000ac000000)
 Metaspace       used 57090K, capacity 58880K, committed 59136K, reserved 1099776K
  class space    used 7685K, capacity 8123K, committed 8192K, reserved 1048576K
}
Event: 10.938 GC heap before
{Heap before GC invocations=14 (full 3):
 PSYoungGen      total 231936K, used 212992K [0x00000000e0000000, 0x00000000f2700000, 0x0000000100000000)
  eden space 212992K, 100% used [0x00000000e0000000,0x00000000ed000000,0x00000000ed000000)
  from space 18944K, 0% used [0x00000000ee300000,0x00000000ee300000,0x00000000ef580000)
  to   space 19456K, 0% used [0x00000000ed000000,0x00000000ed000000,0x00000000ee300000)
 ParOldGen       total 196608K, used 30464K [0x00000000a0000000, 0x00000000ac000000, 0x00000000e0000000)
  object space 196608K, 15% used [0x00000000a0000000,0x00000000a1dc0360,0x00000000ac000000)
 Metaspace       used 68655K, capacity 70908K, committed 71168K, reserved 1110016K
  class space    used 9340K, capacity 9865K, committed 9984K, reserved 1048576K
Event: 10.953 GC heap after
Heap after GC invocations=14 (full 3):
 PSYoungGen      total 232448K, used 19436K [0x00000000e0000000, 0x00000000f2f80000, 0x0000000100000000)
  eden space 212992K, 0% used [0x00000000e0000000,0x00000000e0000000,0x00000000ed000000)
  from space 19456K, 99% used [0x00000000ed000000,0x00000000ee2fb028,0x00000000ee300000)
  to   space 22016K, 0% used [0x00000000f1a00000,0x00000000f1a00000,0x00000000f2f80000)
 ParOldGen       total 196608K, used 30624K [0x00000000a0000000, 0x00000000ac000000, 0x00000000e0000000)
  object space 196608K, 15% used [0x00000000a0000000,0x00000000a1de83e0,0x00000000ac000000)
 Metaspace       used 68655K, capacity 70908K, committed 71168K, reserved 1110016K
  class space    used 9340K, capacity 9865K, committed 9984K, reserved 1048576K
}
Event: 2464.907 GC heap before
{Heap before GC invocations=15 (full 3):
 PSYoungGen      total 232448K, used 232428K [0x00000000e0000000, 0x00000000f2f80000, 0x0000000100000000)
  eden space 212992K, 100% used [0x00000000e0000000,0x00000000ed000000,0x00000000ed000000)
  from space 19456K, 99% used [0x00000000ed000000,0x00000000ee2fb028,0x00000000ee300000)
  to   space 22016K, 0% used [0x00000000f1a00000,0x00000000f1a00000,0x00000000f2f80000)
 ParOldGen       total 196608K, used 30624K [0x00000000a0000000, 0x00000000ac000000, 0x00000000e0000000)
  object space 196608K, 15% used [0x00000000a0000000,0x00000000a1de83e0,0x00000000ac000000)
 Metaspace       used 77166K, capacity 80484K, committed 80768K, reserved 1120256K
  class space    used 10148K, capacity 10847K, committed 10880K, reserved 1048576K
Event: 2464.938 GC heap after
Heap after GC invocations=15 (full 3):
 PSYoungGen      total 272384K, used 14048K [0x00000000e0000000, 0x00000000f2800000, 0x0000000100000000)
  eden space 258048K, 0% used [0x00000000e0000000,0x00000000e0000000,0x00000000efc00000)
  from space 14336K, 97% used [0x00000000f1a00000,0x00000000f27b8378,0x00000000f2800000)
  to   space 21504K, 0% used [0x00000000efe00000,0x00000000efe00000,0x00000000f1300000)
 ParOldGen       total 196608K, used 42885K [0x00000000a0000000, 0x00000000ac000000, 0x00000000e0000000)
  object space 196608K, 21% used [0x00000000a0000000,0x00000000a29e17e0,0x00000000ac000000)
 Metaspace       used 77166K, capacity 80484K, committed 80768K, reserved 1120256K
  class space    used 10148K, capacity 10847K, committed 10880K, reserved 1048576K
}
Event: 2912.163 GC heap before
{Heap before GC invocations=16 (full 3):
 PSYoungGen      total 272384K, used 272096K [0x00000000e0000000, 0x00000000f2800000, 0x0000000100000000)
  eden space 258048K, 100% used [0x00000000e0000000,0x00000000efc00000,0x00000000efc00000)
  from space 14336K, 97% used [0x00000000f1a00000,0x00000000f27b8378,0x00000000f2800000)
  to   space 21504K, 0% used [0x00000000efe00000,0x00000000efe00000,0x00000000f1300000)
 ParOldGen       total 196608K, used 42885K [0x00000000a0000000, 0x00000000ac000000, 0x00000000e0000000)
  object space 196608K, 21% used [0x00000000a0000000,0x00000000a29e17e0,0x00000000ac000000)
 Metaspace       used 78660K, capacity 82424K, committed 82560K, reserved 1120256K
  class space    used 10224K, capacity 11019K, committed 11136K, reserved 1048576K
Event: 2912.175 GC heap after
Heap after GC invocations=16 (full 3):
 PSYoungGen      total 281600K, used 13271K [0x00000000e0000000, 0x00000000f5100000, 0x0000000100000000)
  eden space 260096K, 0% used [0x00000000e0000000,0x00000000e0000000,0x00000000efe00000)
  from space 21504K, 61% used [0x00000000efe00000,0x00000000f0af5d60,0x00000000f1300000)
  to   space 20992K, 0% used [0x00000000f3c80000,0x00000000f3c80000,0x00000000f5100000)
 ParOldGen       total 196608K, used 42893K [0x00000000a0000000, 0x00000000ac000000, 0x00000000e0000000)
  object space 196608K, 21% used [0x00000000a0000000,0x00000000a29e37e0,0x00000000ac000000)
 Metaspace       used 78660K, capacity 82424K, committed 82560K, reserved 1120256K
  class space    used 10224K, capacity 11019K, committed 11136K, reserved 1048576K
}
Event: 5401.844 GC heap before
{Heap before GC invocations=17 (full 3):
 PSYoungGen      total 281600K, used 273367K [0x00000000e0000000, 0x00000000f5100000, 0x0000000100000000)
  eden space 260096K, 100% used [0x00000000e0000000,0x00000000efe00000,0x00000000efe00000)
  from space 21504K, 61% used [0x00000000efe00000,0x00000000f0af5d60,0x00000000f1300000)
  to   space 20992K, 0% used [0x00000000f3c80000,0x00000000f3c80000,0x00000000f5100000)
 ParOldGen       total 196608K, used 42893K [0x00000000a0000000, 0x00000000ac000000, 0x00000000e0000000)
  object space 196608K, 21% used [0x00000000a0000000,0x00000000a29e37e0,0x00000000ac000000)
 Metaspace       used 81274K, capacity 85242K, committed 85376K, reserved 1124352K
  class space    used 10542K, capacity 11380K, committed 11392K, reserved 1048576K
Event: 5401.873 GC heap after
Heap after GC invocations=17 (full 3):
 PSYoungGen      total 273408K, used 20985K [0x00000000e0000000, 0x00000000f5100000, 0x0000000100000000)
  eden space 252416K, 0% used [0x00000000e0000000,0x00000000e0000000,0x00000000ef680000)
  from space 20992K, 99% used [0x00000000f3c80000,0x00000000f50fe788,0x00000000f5100000)
  to   space 23552K, 0% used [0x00000000f2300000,0x00000000f2300000,0x00000000f3a00000)
 ParOldGen       total 196608K, used 43059K [0x00000000a0000000, 0x00000000ac000000, 0x00000000e0000000)
  object space 196608K, 21% used [0x00000000a0000000,0x00000000a2a0cd38,0x00000000ac000000)
 Metaspace       used 81274K, capacity 85242K, committed 85376K, reserved 1124352K
  class space    used 10542K, capacity 11380K, committed 11392K, reserved 1048576K
}

