# JRE version: OpenJDK Runtime Environment (8.0_212-b04) (build 1.8.0_212-release-1586-b04)
# Java VM: OpenJDK 64-Bit Server VM (25.212-b04 mixed mode windows-amd64 compressed oops)
Heap:
 PSYoungGen      total 494080K, used 301144K [0x00000000e0000000, 0x00000000fff80000, 0x0000000100000000)
  eden space 463872K, 61% used [0x00000000e0000000,0x00000000f1719268,0x00000000fc500000)
  from space 30208K, 50% used [0x00000000fc500000,0x00000000fd3fcff0,0x00000000fe280000)
  to   space 28672K, 0% used [0x00000000fe380000,0x00000000fe380000,0x00000000fff80000)
 ParOldGen       total 199680K, used 73591K [0x00000000a0000000, 0x00000000ac300000, 0x00000000e0000000)
  object space 199680K, 36% used [0x00000000a0000000,0x00000000a47ddd98,0x00000000ac300000)
 Metaspace       used 85337K, capacity 89684K, committed 89984K, reserved 1126400K
  class space    used 11292K, capacity 12102K, committed 12160K, reserved 1048576K
GC Heap History (10 events):
Event: 22.964 GC heap before
{Heap before GC invocations=22 (full 3):
 PSYoungGen      total 467456K, used 447285K [0x00000000e0000000, 0x00000000fec00000, 0x0000000100000000)
  eden space 437248K, 100% used [0x00000000e0000000,0x00000000fab00000,0x00000000fab00000)
  from space 30208K, 33% used [0x00000000fc800000,0x00000000fd1cd520,0x00000000fe580000)
  to   space 29696K, 0% used [0x00000000fab00000,0x00000000fab00000,0x00000000fc800000)
 ParOldGen       total 199680K, used 65724K [0x00000000a0000000, 0x00000000ac300000, 0x00000000e0000000)
  object space 199680K, 32% used [0x00000000a0000000,0x00000000a402f218,0x00000000ac300000)
 Metaspace       used 83160K, capacity 87186K, committed 87424K, reserved 1124352K
  class space    used 11059K, capacity 11781K, committed 11904K, reserved 1048576K
Event: 22.977 GC heap after
Heap after GC invocations=22 (full 3):
 PSYoungGen      total 466944K, used 10971K [0x00000000e0000000, 0x00000000ffd80000, 0x0000000100000000)
  eden space 437248K, 0% used [0x00000000e0000000,0x00000000e0000000,0x00000000fab00000)
  from space 29696K, 36% used [0x00000000fab00000,0x00000000fb5b6c50,0x00000000fc800000)
  to   space 28672K, 0% used [0x00000000fe180000,0x00000000fe180000,0x00000000ffd80000)
 ParOldGen       total 199680K, used 70679K [0x00000000a0000000, 0x00000000ac300000, 0x00000000e0000000)
  object space 199680K, 35% used [0x00000000a0000000,0x00000000a4505d98,0x00000000ac300000)
 Metaspace       used 83160K, capacity 87186K, committed 87424K, reserved 1124352K
  class space    used 11059K, capacity 11781K, committed 11904K, reserved 1048576K
}
Event: 23.434 GC heap before
{Heap before GC invocations=23 (full 3):
 PSYoungGen      total 466944K, used 448219K [0x00000000e0000000, 0x00000000ffd80000, 0x0000000100000000)
  eden space 437248K, 100% used [0x00000000e0000000,0x00000000fab00000,0x00000000fab00000)
  from space 29696K, 36% used [0x00000000fab00000,0x00000000fb5b6c50,0x00000000fc800000)
  to   space 28672K, 0% used [0x00000000fe180000,0x00000000fe180000,0x00000000ffd80000)
 ParOldGen       total 199680K, used 70679K [0x00000000a0000000, 0x00000000ac300000, 0x00000000e0000000)
  object space 199680K, 35% used [0x00000000a0000000,0x00000000a4505d98,0x00000000ac300000)
 Metaspace       used 83218K, capacity 87260K, committed 87424K, reserved 1124352K
  class space    used 11060K, capacity 11782K, committed 11904K, reserved 1048576K
Event: 23.450 GC heap after
Heap after GC invocations=23 (full 3):
 PSYoungGen      total 493056K, used 18255K [0x00000000e0000000, 0x00000000fff00000, 0x0000000100000000)
  eden space 464384K, 0% used [0x00000000e0000000,0x00000000e0000000,0x00000000fc580000)
  from space 28672K, 63% used [0x00000000fe180000,0x00000000ff353da0,0x00000000ffd80000)
  to   space 28672K, 0% used [0x00000000fc580000,0x00000000fc580000,0x00000000fe180000)
 ParOldGen       total 199680K, used 72047K [0x00000000a0000000, 0x00000000ac300000, 0x00000000e0000000)
  object space 199680K, 36% used [0x00000000a0000000,0x00000000a465bd98,0x00000000ac300000)
 Metaspace       used 83218K, capacity 87260K, committed 87424K, reserved 1124352K
  class space    used 11060K, capacity 11782K, committed 11904K, reserved 1048576K
}
Event: 24.246 GC heap before
{Heap before GC invocations=24 (full 3):
 PSYoungGen      total 493056K, used 482639K [0x00000000e0000000, 0x00000000fff00000, 0x0000000100000000)
  eden space 464384K, 100% used [0x00000000e0000000,0x00000000fc580000,0x00000000fc580000)
  from space 28672K, 63% used [0x00000000fe180000,0x00000000ff353da0,0x00000000ffd80000)
  to   space 28672K, 0% used [0x00000000fc580000,0x00000000fc580000,0x00000000fe180000)
 ParOldGen       total 199680K, used 72047K [0x00000000a0000000, 0x00000000ac300000, 0x00000000e0000000)
  object space 199680K, 36% used [0x00000000a0000000,0x00000000a465bd98,0x00000000ac300000)
 Metaspace       used 83579K, capacity 87648K, committed 87936K, reserved 1126400K
  class space    used 11093K, capacity 11832K, committed 11904K, reserved 1048576K
Event: 24.260 GC heap after
Heap after GC invocations=24 (full 3):
 PSYoungGen      total 493056K, used 13655K [0x00000000e0000000, 0x00000000ffe00000, 0x0000000100000000)
  eden space 464384K, 0% used [0x00000000e0000000,0x00000000e0000000,0x00000000fc580000)
  from space 28672K, 47% used [0x00000000fc580000,0x00000000fd2d5de0,0x00000000fe180000)
  to   space 27648K, 0% used [0x00000000fe300000,0x00000000fe300000,0x00000000ffe00000)
 ParOldGen       total 199680K, used 73583K [0x00000000a0000000, 0x00000000ac300000, 0x00000000e0000000)
  object space 199680K, 36% used [0x00000000a0000000,0x00000000a47dbd98,0x00000000ac300000)
 Metaspace       used 83579K, capacity 87648K, committed 87936K, reserved 1126400K
  class space    used 11093K, capacity 11832K, committed 11904K, reserved 1048576K
}
Event: 25.328 GC heap before
{Heap before GC invocations=25 (full 3):
 PSYoungGen      total 493056K, used 478039K [0x00000000e0000000, 0x00000000ffe00000, 0x0000000100000000)
  eden space 464384K, 100% used [0x00000000e0000000,0x00000000fc580000,0x00000000fc580000)
  from space 28672K, 47% used [0x00000000fc580000,0x00000000fd2d5de0,0x00000000fe180000)
  to   space 27648K, 0% used [0x00000000fe300000,0x00000000fe300000,0x00000000ffe00000)
 ParOldGen       total 199680K, used 73583K [0x00000000a0000000, 0x00000000ac300000, 0x00000000e0000000)
  object space 199680K, 36% used [0x00000000a0000000,0x00000000a47dbd98,0x00000000ac300000)
 Metaspace       used 84372K, capacity 88598K, committed 88832K, reserved 1126400K
  class space    used 11192K, capacity 11951K, committed 12032K, reserved 1048576K
Event: 25.351 GC heap after
Heap after GC invocations=25 (full 3):
 PSYoungGen      total 491520K, used 24803K [0x00000000e0000000, 0x0000000100000000, 0x0000000100000000)
  eden space 463872K, 0% used [0x00000000e0000000,0x00000000e0000000,0x00000000fc500000)
  from space 27648K, 89% used [0x00000000fe300000,0x00000000ffb38e78,0x00000000ffe00000)
  to   space 30208K, 0% used [0x00000000fc500000,0x00000000fc500000,0x00000000fe280000)
 ParOldGen       total 199680K, used 73591K [0x00000000a0000000, 0x00000000ac300000, 0x00000000e0000000)
  object space 199680K, 36% used [0x00000000a0000000,0x00000000a47ddd98,0x00000000ac300000)
 Metaspace       used 84372K, capacity 88598K, committed 88832K, reserved 1126400K
  class space    used 11192K, capacity 11951K, committed 12032K, reserved 1048576K
}
Event: 26.684 GC heap before
{Heap before GC invocations=26 (full 3):
 PSYoungGen      total 491520K, used 488675K [0x00000000e0000000, 0x0000000100000000, 0x0000000100000000)
  eden space 463872K, 100% used [0x00000000e0000000,0x00000000fc500000,0x00000000fc500000)
  from space 27648K, 89% used [0x00000000fe300000,0x00000000ffb38e78,0x00000000ffe00000)
  to   space 30208K, 0% used [0x00000000fc500000,0x00000000fc500000,0x00000000fe280000)
 ParOldGen       total 199680K, used 73591K [0x00000000a0000000, 0x00000000ac300000, 0x00000000e0000000)
  object space 199680K, 36% used [0x00000000a0000000,0x00000000a47ddd98,0x00000000ac300000)
 Metaspace       used 84460K, capacity 88662K, committed 88832K, reserved 1126400K
  class space    used 11203K, capacity 11951K, committed 12032K, reserved 1048576K
Event: 26.695 GC heap after
Heap after GC invocations=26 (full 3):
 PSYoungGen      total 494080K, used 15347K [0x00000000e0000000, 0x00000000fff80000, 0x0000000100000000)
  eden space 463872K, 0% used [0x00000000e0000000,0x00000000e0000000,0x00000000fc500000)
  from space 30208K, 50% used [0x00000000fc500000,0x00000000fd3fcff0,0x00000000fe280000)
  to   space 28672K, 0% used [0x00000000fe380000,0x00000000fe380000,0x00000000fff80000)
 ParOldGen       total 199680K, used 73591K [0x00000000a0000000, 0x00000000ac300000, 0x00000000e0000000)
  object space 199680K, 36% used [0x00000000a0000000,0x00000000a47ddd98,0x00000000ac300000)
 Metaspace       used 84460K, capacity 88662K, committed 88832K, reserved 1126400K
  class space    used 11203K, capacity 11951K, committed 12032K, reserved 1048576K
}

